\BOOKMARK [0][]{chapter*.1}{Acknowledgements}{}% 1
\BOOKMARK [0][]{chapter*.2}{Summary}{}% 2
\BOOKMARK [0][]{chapter.1}{Introduction}{}% 3
\BOOKMARK [1][]{section.1.1}{Motivation}{chapter.1}% 4
\BOOKMARK [2][]{subsection.1.1.1}{Benefits of MPTCP}{section.1.1}% 5
\BOOKMARK [2][]{subsection.1.1.2}{Multipathing solutions}{section.1.1}% 6
\BOOKMARK [1][]{section.1.2}{Problem statement}{chapter.1}% 7
\BOOKMARK [1][]{section.1.3}{Methodology}{chapter.1}% 8
\BOOKMARK [2][]{subsection.1.3.1}{Document structure}{section.1.3}% 9
\BOOKMARK [0][]{chapter.2}{Multipath TCP}{}% 10
\BOOKMARK [1][]{section.2.1}{Transmission Control Protocol \(TCP\)}{chapter.2}% 11
\BOOKMARK [1][]{section.2.2}{MPTCP design}{chapter.2}% 12
\BOOKMARK [2][]{subsection.2.2.1}{Control plane}{section.2.2}% 13
\BOOKMARK [2][]{subsection.2.2.2}{Data plane}{section.2.2}% 14
\BOOKMARK [1][]{section.2.3}{MPTCP deployment}{chapter.2}% 15
\BOOKMARK [2][]{subsection.2.3.1}{Middleboxes compatibility}{section.2.3}% 16
\BOOKMARK [2][]{subsection.2.3.2}{Implementations}{section.2.3}% 17
\BOOKMARK [2][]{subsection.2.3.3}{Deployment status}{section.2.3}% 18
\BOOKMARK [0][]{chapter.3}{MPTCP security}{}% 19
\BOOKMARK [1][]{section.3.1}{Threats analysis}{chapter.3}% 20
\BOOKMARK [2][]{subsection.3.1.1}{Threats classifications}{section.3.1}% 21
\BOOKMARK [1][]{section.3.2}{ADD\137ADDR attack}{chapter.3}% 22
\BOOKMARK [2][]{subsection.3.2.1}{Concept}{section.3.2}% 23
\BOOKMARK [2][]{subsection.3.2.2}{Procedure}{section.3.2}% 24
\BOOKMARK [2][]{subsection.3.2.3}{Requirements}{section.3.2}% 25
\BOOKMARK [1][]{section.3.3}{Additional threats}{chapter.3}% 26
\BOOKMARK [2][]{subsection.3.3.1}{DoS attack on MP\137JOIN}{section.3.3}% 27
\BOOKMARK [2][]{subsection.3.3.2}{Keys eavesdrop}{section.3.3}% 28
\BOOKMARK [2][]{subsection.3.3.3}{SYN/ACK attack}{section.3.3}% 29
\BOOKMARK [0][]{chapter.4}{ADD\137ADDR attack simulation}{}% 30
\BOOKMARK [1][]{section.4.1}{Environment setup}{chapter.4}% 31
\BOOKMARK [1][]{section.4.2}{Attack script}{chapter.4}% 32
\BOOKMARK [1][]{section.4.3}{Reproducing the attack}{chapter.4}% 33
\BOOKMARK [1][]{section.4.4}{Conclusions}{chapter.4}% 34
\BOOKMARK [0][]{chapter.5}{Fixing ADD\137ADDR}{}% 35
\BOOKMARK [1][]{section.5.1}{The ADD\137ADDR2 format}{chapter.5}% 36
\BOOKMARK [1][]{section.5.2}{Implementing ADD\137ADDR2}{chapter.5}% 37
\BOOKMARK [2][]{subsection.5.2.1}{Retro-compatibility}{section.5.2}% 38
\BOOKMARK [2][]{subsection.5.2.2}{Port advertisement}{section.5.2}% 39
\BOOKMARK [2][]{subsection.5.2.3}{IPv6 considerations}{section.5.2}% 40
\BOOKMARK [2][]{subsection.5.2.4}{Crypto-API in MPTCP}{section.5.2}% 41
\BOOKMARK [1][]{section.5.3}{Other contributions}{chapter.5}% 42
\BOOKMARK [1][]{section.5.4}{Experimental evaluation}{chapter.5}% 43
\BOOKMARK [0][]{chapter.6}{Conclusions}{}% 44
\BOOKMARK [1][]{section.6.1}{Related work}{chapter.6}% 45
\BOOKMARK [1][]{section.6.2}{Future work}{chapter.6}% 46
\BOOKMARK [1][]{section.6.3}{Final thoughts}{chapter.6}% 47
\BOOKMARK [0][]{appendix.A}{An appendix}{}% 48
